<?xml version="1.0" encoding="UTF-8"?>
<!-- Generated by org.testng.reporters.JUnitXMLReporter -->
<testsuite hostname="DESKTOP-6UHVP5N" ignored="0" name="Default test" tests="11" failures="0" timestamp="2020-08-06T12:44:07 IST" time="166.179" errors="0">
  <testcase name="Initiate_the_cardAuth_authorize_API_with_valid_fields_and_verify_the_Expected_Result" time="18.03" classname="com.maveric.core.cucumber.CucumberBaseTest"/>
  <testcase name="Initiate_the_cardAuth_authorize_API_with_valid_fields_and_verify_the_Expected_Result" time="5.609" classname="com.maveric.core.cucumber.CucumberBaseTest"/>
  <testcase name="Initiate_the_Password_API_with_valid_fields_and_verify_the_Expected_Result" time="9.852" classname="com.maveric.core.cucumber.CucumberBaseTest"/>
  <testcase name="Initiate_the_Password_API_with_valid_fields_and_verify_the_Expected_Result" time="7.931" classname="com.maveric.core.cucumber.CucumberBaseTest"/>
  <testcase name="Initiate_the_Account_API_with_valid_fields_and_verify_the_Expected_Result" time="9.577" classname="com.maveric.core.cucumber.CucumberBaseTest"/>
  <testcase name="Initiate_the_GET_Card_API_with_valid_fields_and_verify_the_Expected_Result" time="9.904" classname="com.maveric.core.cucumber.CucumberBaseTest"/>
  <testcase name="Initiate the GET_Transactions API with valid fields and verify the Expected Result" time="18.435" classname="com.maveric.core.cucumber.CucumberBaseTest"/>
  <testcase name="Initiate the sourceAccounts &amp; destination Eligibility API with valid fields and verify the Expected Result" time="17.468" classname="com.maveric.core.cucumber.CucumberBaseTest"/>
  <testcase name="Initiate the sourceAccounts &amp; destination Eligibility API with valid fields and verify the Expected Result" time="17.667" classname="com.maveric.core.cucumber.CucumberBaseTest"/>
  <testcase name="Initiate the sourceAccounts &amp; destination Eligibility API with valid fields and verify the Expected Result" time="17.427" classname="com.maveric.core.cucumber.CucumberBaseTest"/>
  <testcase name="Initiate the sourceAccounts &amp; destination Eligibility API with valid fields and verify the Expected Result" time="19.642" classname="com.maveric.core.cucumber.CucumberBaseTest"/>
</testsuite> <!-- Default test -->
